/*C13*/SET SCHEMA PUBLIC
create table transaction (id bigint generated by default as identity (start with 1), card_application varchar(255), date timestamp not null, status varchar(255), time timestamp not null, value numeric(18,2) not null, primary key (id))
INSERT INTO TRANSACTION VALUES(1,'CREDITO','2019-01-01 00:00:00.000000','SUCCESS','2020-05-22 13:25:53.000000',110.00)
COMMIT
INSERT INTO TRANSACTION VALUES(2,'CREDITO','2019-01-01 00:00:00.000000','SUCCESS','2020-05-22 13:25:53.000000',110.00)
COMMIT
INSERT INTO TRANSACTION VALUES(3,'CREDITO','2019-01-01 00:00:00.000000','SUCCESS','2020-05-22 13:25:53.000000',110.00)
COMMIT
INSERT INTO TRANSACTION VALUES(4,'CREDITO','2019-01-01 00:00:00.000000','SUCCESS','2020-05-22 13:25:53.000000',110.00)
COMMIT
INSERT INTO TRANSACTION VALUES(5,'CREDITO','2019-01-01 00:00:00.000000','SUCCESS','2020-05-22 13:25:53.000000',110.00)
COMMIT
INSERT INTO TRANSACTION VALUES(6,'CREDITO','2019-01-01 00:00:00.000000','SUCCESS','2020-05-22 13:25:53.000000',110.00)
COMMIT
INSERT INTO TRANSACTION VALUES(7,'CREDITO','2019-01-01 00:00:00.000000','SUCCESS','2020-05-22 13:25:53.000000',110.00)
COMMIT
INSERT INTO TRANSACTION VALUES(8,'CREDITO','2019-01-01 00:00:00.000000','SUCCESS','2020-05-22 13:25:53.000000',110.00)
COMMIT
INSERT INTO TRANSACTION VALUES(9,'CREDITO','2019-01-01 00:00:00.000000','SUCCESS','2020-05-22 13:25:53.000000',110.00)
COMMIT
DELETE FROM TRANSACTION WHERE ID=2
INSERT INTO TRANSACTION VALUES(2,'CREDITO','2019-01-01 00:00:00.000000','FAILED','2020-05-22 15:00:00.000000',121.01)
COMMIT
DELETE FROM TRANSACTION WHERE ID=6
COMMIT
DISCONNECT
/*C14*/SET SCHEMA PUBLIC
DISCONNECT
/*C15*/SET SCHEMA PUBLIC
DISCONNECT
/*C16*/SET SCHEMA PUBLIC
DISCONNECT
/*C17*/SET SCHEMA PUBLIC
DISCONNECT
/*C18*/SET SCHEMA PUBLIC
DISCONNECT
/*C19*/SET SCHEMA PUBLIC
DISCONNECT
/*C20*/SET SCHEMA PUBLIC
DISCONNECT
/*C21*/SET SCHEMA PUBLIC
DISCONNECT
/*C22*/SET SCHEMA PUBLIC
DISCONNECT
